done
Plazmotech (17:30 13/10/2013): Began
Plazmotech (17:45 13/10/2013): Fixed indentations
Plazmotech (18:00 13/10/2013): Fixed unstandard code
Plazmotech (18:30 13/10/2013): Began commenting documentation
Plazmotech (18:30 13/10/2103): Finished

Plazmotech (19:15 13/10/2013): Began
Plazmotech (20:26 13/10/2013): Created perl log manager!
Plazmotech (21:00 13/10/2103): Finished

Plazmotech (20:40 13/10/2013): Began
Plazmotech (20:40 13/10/2013): Polished how it works for log.
Plazmotech (20:46 13/10/2013): Added help to logger
Plazmotech (20:46 13/10/2013): Finished

Plazmotech (20:47 13/10/2013): Began
Plazmotech (20:47 13/10/2013): Tested logger again
Plazmotech (20:48 13/10/2013): Finished
end
todo
Plazmotech (18:30 13/10/2013): Finish commenting documentation
Plazmotech (18:30 13/10/2013): Write seperate documentation
Plazmotech (20:28 13/10/2013): Add command to remove todos.
Plazmotech (20:48 13/10/2013): Polish logger a bit
end
